
8/26/2016, 6:50:35 PM

Operating System
  Name                        = Mac OS X
  Version                     = 10.11.6
  Architecture                = 64bit
  # CPUs                      = 4
  Memory                      = 8589934592

Node.js
  Node.js Version             = 4.2.2
  npm Version                 = 2.14.7

Titanium CLI
  CLI Version                 = 5.0.9

Titanium SDK
  SDK Version                 = 5.3.1.GA
  SDK Path                    = /Users/jezrel_mx/Library/Application Support/Titanium/mobilesdk/osx/5.3.1.GA
  Target Platform             = iphone

Command
  /usr/local/bin/node /Users/jezrel_mx/.appcelerator/install/5.4.0/package/node_modules/titanium/lib/titanium.js build run --platform ios --log-level trace --sdk 5.3.1.GA --project-dir /Users/jezrel_mx/Documents/Appcelerator_Workspace_DIM/Maid Admin --target simulator --ios-version 9.3 --device-family iphone --deploy-type development --sim-type iphone --sim-version 9.3 --device-id 09BAA66D-FCBA-415A-A710-38D7A5C5CCC5 --skip-js-minify --no-colors --no-progress-bars --no-prompt --prompt-type socket-bundle --prompt-port 49267 --config-file /var/folders/r5/pj8_d8zj7vd4g39_nw7nssb00000gn/T/build-1472255433244.json --no-banner --project-dir /Users/jezrel_mx/Documents/Appcelerator_Workspace_DIM/Maid Admin

[TRACE]  [ioslib] Validating iOS Simulator UDID 09BAA66D-FCBA-415A-A710-38D7A5C5CCC5
[TRACE]  [ioslib] Found iOS Simulator UDID 09BAA66D-FCBA-415A-A710-38D7A5C5CCC5
[TRACE]  [ioslib] Selected iOS Simulator: iPhone 5s
[TRACE]  [ioslib]   UDID    = 09BAA66D-FCBA-415A-A710-38D7A5C5CCC5
[TRACE]  [ioslib]   iOS     = 9.3
[TRACE]  [ioslib] Autoselected Xcode: 7.3.1
[DEBUG]  Detecting modules in /Users/jezrel_mx/Library/Application Support/Titanium/modules
[DEBUG]  Detected android module: com.appcelerator.apm 1.1.1 @ /Users/jezrel_mx/Library/Application Support/Titanium/modules/android/com.appcelerator.apm/1.1.1
[DEBUG]  Detected android module: facebook 3.0.2 @ /Users/jezrel_mx/Library/Application Support/Titanium/modules/android/facebook/3.0.2
[DEBUG]  Detected android module: facebook 3.0.3 @ /Users/jezrel_mx/Library/Application Support/Titanium/modules/android/facebook/3.0.3
[DEBUG]  Detected android module: facebook 4.0.1 @ /Users/jezrel_mx/Library/Application Support/Titanium/modules/android/facebook/4.0.1
[DEBUG]  Detected android module: facebook 4.0.2 @ /Users/jezrel_mx/Library/Application Support/Titanium/modules/android/facebook/4.0.2
[DEBUG]  Detected android module: facebook 4.0.5 @ /Users/jezrel_mx/Library/Application Support/Titanium/modules/android/facebook/4.0.5
[DEBUG]  Detected android module: facebook 5.0.0 @ /Users/jezrel_mx/Library/Application Support/Titanium/modules/android/facebook/5.0.0
[DEBUG]  Detected android module: facebook 5.2.0 @ /Users/jezrel_mx/Library/Application Support/Titanium/modules/android/facebook/5.2.0
[DEBUG]  Detected android module: ti.cloudpush 3.2.1 @ /Users/jezrel_mx/Library/Application Support/Titanium/modules/android/ti.cloudpush/3.2.1
[DEBUG]  Detected android module: ti.cloudpush 3.3.0 @ /Users/jezrel_mx/Library/Application Support/Titanium/modules/android/ti.cloudpush/3.3.0
[DEBUG]  Detected android module: ti.cloudpush 3.3.4 @ /Users/jezrel_mx/Library/Application Support/Titanium/modules/android/ti.cloudpush/3.3.4
[DEBUG]  Detected android module: ti.cloudpush 3.3.7 @ /Users/jezrel_mx/Library/Application Support/Titanium/modules/android/ti.cloudpush/3.3.7
[DEBUG]  Detected android module: ti.cloudpush 3.3.8 @ /Users/jezrel_mx/Library/Application Support/Titanium/modules/android/ti.cloudpush/3.3.8
[DEBUG]  Detected android module: ti.cloudpush 3.4.0 @ /Users/jezrel_mx/Library/Application Support/Titanium/modules/android/ti.cloudpush/3.4.0
[DEBUG]  Detected android module: ti.cloudpush 3.4.1 @ /Users/jezrel_mx/Library/Application Support/Titanium/modules/android/ti.cloudpush/3.4.1
[DEBUG]  Detected android module: ti.map 2.1.4 @ /Users/jezrel_mx/Library/Application Support/Titanium/modules/android/ti.map/2.1.4
[DEBUG]  Detected android module: ti.map 2.2.2 @ /Users/jezrel_mx/Library/Application Support/Titanium/modules/android/ti.map/2.2.2
[DEBUG]  Detected android module: ti.map 2.2.3 @ /Users/jezrel_mx/Library/Application Support/Titanium/modules/android/ti.map/2.2.3
[DEBUG]  Detected android module: ti.map 2.3.0 @ /Users/jezrel_mx/Library/Application Support/Titanium/modules/android/ti.map/2.3.0
[DEBUG]  Detected android module: ti.map 2.3.10 @ /Users/jezrel_mx/Library/Application Support/Titanium/modules/android/ti.map/2.3.10
[DEBUG]  Detected android module: ti.map 2.3.3 @ /Users/jezrel_mx/Library/Application Support/Titanium/modules/android/ti.map/2.3.3
[DEBUG]  Detected android module: ti.map 2.3.4 @ /Users/jezrel_mx/Library/Application Support/Titanium/modules/android/ti.map/2.3.4
[DEBUG]  Detected android module: ti.map 2.3.6 @ /Users/jezrel_mx/Library/Application Support/Titanium/modules/android/ti.map/2.3.6
[DEBUG]  Detected android module: ti.touchid 1.0.0 @ /Users/jezrel_mx/Library/Application Support/Titanium/modules/android/ti.touchid/1.0.0
[DEBUG]  Detected commonjs module: ti.cloud 3.2.10 @ /Users/jezrel_mx/Library/Application Support/Titanium/modules/commonjs/ti.cloud/3.2.10
[DEBUG]  Detected commonjs module: ti.cloud 3.2.11 @ /Users/jezrel_mx/Library/Application Support/Titanium/modules/commonjs/ti.cloud/3.2.11
[DEBUG]  Detected commonjs module: ti.cloud 3.2.2 @ /Users/jezrel_mx/Library/Application Support/Titanium/modules/commonjs/ti.cloud/3.2.2
[DEBUG]  Detected commonjs module: ti.cloud 3.2.3 @ /Users/jezrel_mx/Library/Application Support/Titanium/modules/commonjs/ti.cloud/3.2.3
[DEBUG]  Detected commonjs module: ti.cloud 3.2.5 @ /Users/jezrel_mx/Library/Application Support/Titanium/modules/commonjs/ti.cloud/3.2.5
[DEBUG]  Detected commonjs module: ti.cloud 3.2.7 @ /Users/jezrel_mx/Library/Application Support/Titanium/modules/commonjs/ti.cloud/3.2.7
[DEBUG]  Detected commonjs module: ti.cloud 3.2.8 @ /Users/jezrel_mx/Library/Application Support/Titanium/modules/commonjs/ti.cloud/3.2.8
[DEBUG]  Detected commonjs module: ti.cloud 3.2.9 @ /Users/jezrel_mx/Library/Application Support/Titanium/modules/commonjs/ti.cloud/3.2.9
[DEBUG]  Detected iphone module: com.appcelerator.apm 1.1.1 @ /Users/jezrel_mx/Library/Application Support/Titanium/modules/iphone/com.appcelerator.apm/1.1.1
[DEBUG]  Detected iphone module: com.appcelerator.urlSession 1.0.0 @ /Users/jezrel_mx/Library/Application Support/Titanium/modules/iphone/com.appcelerator.urlSession/1.0.0
[DEBUG]  Detected iphone module: com.appcelerator.urlSession 1.0.1 @ /Users/jezrel_mx/Library/Application Support/Titanium/modules/iphone/com.appcelerator.urlSession/1.0.1
[DEBUG]  Detected iphone module: com.appcelerator.urlSession 1.1.0 @ /Users/jezrel_mx/Library/Application Support/Titanium/modules/iphone/com.appcelerator.urlSession/1.1.0
[DEBUG]  Detected iphone module: com.appcelerator.urlSession 1.1.1 @ /Users/jezrel_mx/Library/Application Support/Titanium/modules/iphone/com.appcelerator.urlSession/1.1.1
[DEBUG]  Detected iphone module: com.appcelerator.urlSession 2.0.0 @ /Users/jezrel_mx/Library/Application Support/Titanium/modules/iphone/com.appcelerator.urlSession/2.0.0
[DEBUG]  Detected iphone module: facebook 3.1.1 @ /Users/jezrel_mx/Library/Application Support/Titanium/modules/iphone/facebook/3.1.1
[DEBUG]  Detected iphone module: facebook 3.2.0 @ /Users/jezrel_mx/Library/Application Support/Titanium/modules/iphone/facebook/3.2.0
[DEBUG]  Detected iphone module: facebook 4.0.0 @ /Users/jezrel_mx/Library/Application Support/Titanium/modules/iphone/facebook/4.0.0
[DEBUG]  Detected iphone module: facebook 4.0.5 @ /Users/jezrel_mx/Library/Application Support/Titanium/modules/iphone/facebook/4.0.5
[DEBUG]  Detected iphone module: facebook 5.0.1 @ /Users/jezrel_mx/Library/Application Support/Titanium/modules/iphone/facebook/5.0.1
[DEBUG]  Detected iphone module: facebook 5.2.0 @ /Users/jezrel_mx/Library/Application Support/Titanium/modules/iphone/facebook/5.2.0
[DEBUG]  Detected iphone module: ti.coremotion 1.0.1 @ /Users/jezrel_mx/Library/Application Support/Titanium/modules/iphone/ti.coremotion/1.0.1
[DEBUG]  Detected iphone module: ti.coremotion 1.1.0 @ /Users/jezrel_mx/Library/Application Support/Titanium/modules/iphone/ti.coremotion/1.1.0
[DEBUG]  Detected iphone module: ti.coremotion 2.0.0 @ /Users/jezrel_mx/Library/Application Support/Titanium/modules/iphone/ti.coremotion/2.0.0
[DEBUG]  Detected iphone module: ti.map 2.0.2 @ /Users/jezrel_mx/Library/Application Support/Titanium/modules/iphone/ti.map/2.0.2
[DEBUG]  Detected iphone module: ti.map 2.0.4 @ /Users/jezrel_mx/Library/Application Support/Titanium/modules/iphone/ti.map/2.0.4
[DEBUG]  Detected iphone module: ti.map 2.2.0 @ /Users/jezrel_mx/Library/Application Support/Titanium/modules/iphone/ti.map/2.2.0
[DEBUG]  Detected iphone module: ti.map 2.2.1 @ /Users/jezrel_mx/Library/Application Support/Titanium/modules/iphone/ti.map/2.2.1
[DEBUG]  Detected iphone module: ti.map 2.2.2 @ /Users/jezrel_mx/Library/Application Support/Titanium/modules/iphone/ti.map/2.2.2
[DEBUG]  Detected iphone module: ti.map 2.4.1 @ /Users/jezrel_mx/Library/Application Support/Titanium/modules/iphone/ti.map/2.4.1
[DEBUG]  Detected iphone module: ti.map 2.5.2 @ /Users/jezrel_mx/Library/Application Support/Titanium/modules/iphone/ti.map/2.5.2
[DEBUG]  Detected iphone module: ti.map 2.7.1 @ /Users/jezrel_mx/Library/Application Support/Titanium/modules/iphone/ti.map/2.7.1
[DEBUG]  Detected iphone module: ti.safaridialog 1.0.2 @ /Users/jezrel_mx/Library/Application Support/Titanium/modules/iphone/ti.safaridialog/1.0.2
[DEBUG]  Detected iphone module: ti.safaridialog 1.0.3 @ /Users/jezrel_mx/Library/Application Support/Titanium/modules/iphone/ti.safaridialog/1.0.3
[DEBUG]  Detected iphone module: ti.safaridialog 1.0.5 @ /Users/jezrel_mx/Library/Application Support/Titanium/modules/iphone/ti.safaridialog/1.0.5
[DEBUG]  Detected iphone module: ti.touchid 1.0 @ /Users/jezrel_mx/Library/Application Support/Titanium/modules/iphone/ti.touchid/1.0
[DEBUG]  Detected iphone module: ti.touchid 1.1.0 @ /Users/jezrel_mx/Library/Application Support/Titanium/modules/iphone/ti.touchid/1.1.0
[DEBUG]  Detected iphone module: ti.touchid 1.2.0 @ /Users/jezrel_mx/Library/Application Support/Titanium/modules/iphone/ti.touchid/1.2.0
[DEBUG]  Detected iphone module: ti.touchid 1.2.2 @ /Users/jezrel_mx/Library/Application Support/Titanium/modules/iphone/ti.touchid/1.2.2
[DEBUG]  Detected tizen module: tizen 3.0.0 @ /Users/jezrel_mx/Library/Application Support/Titanium/modules/tizen/tizen/3.0.0
[DEBUG]  No project level plugins to load
[TRACE]  Snapshotting build directory
[DEBUG]  Titanium SDK iOS directory: /Users/jezrel_mx/Library/Application Support/Titanium/mobilesdk/osx/5.3.1.GA/iphone
[INFO]   Deploy type: development
[INFO]   Building for target: simulator
[INFO]   Building using iOS SDK: 9.3
[INFO]   Building for iOS Simulator: iPhone 5s
[DEBUG]  UDID: 09BAA66D-FCBA-415A-A710-38D7A5C5CCC5
[DEBUG]  Simulator type: iphone
[DEBUG]  Simulator version: 9.3
[INFO]   Building for device family: iphone
[DEBUG]  Setting Xcode target to Debug
[DEBUG]  Setting Xcode build OS to iphonesimulator
[DEBUG]  Xcode installation: /Applications/Xcode.app/Contents/Developer
[DEBUG]  iOS WWDR certificate: installed
[INFO]   Minimum iOS version: 7.1
[INFO]   Debugging disabled
[INFO]   Profiler disabled
[INFO]   Set to copy files instead of symlinking
[INFO]   Initializing the build directory
[TRACE]  offline build file /var/folders/r5/pj8_d8zj7vd4g39_nw7nssb00000gn/T/build-f2de957ac49271f9a4dadadc883254a252a13a1b.json
[TRACE]  online 1
[TRACE]  optimizing build, last build was 13808.749 sec ago
[INFO]   Creating Xcode project
[TRACE]  Removing pre-compile phase
[TRACE]  No native module libraries to add
[TRACE]  No extensions to add
[TRACE]  No change, skipping /Users/jezrel_mx/Documents/Appcelerator_Workspace_DIM/Maid Admin/build/iphone/Maid Admin.xcodeproj/project.pbxproj
[INFO]   Creating Entitlements.plist
[TRACE]  No change, skipping /Users/jezrel_mx/Documents/Appcelerator_Workspace_DIM/Maid Admin/build/iphone/Maid Admin.entitlements
[INFO]   Creating Info.plist
[DEBUG]  Checking for Splash Screen localization
[INFO]   Disabling ATS
[TRACE]  No change, skipping /Users/jezrel_mx/Documents/Appcelerator_Workspace_DIM/Maid Admin/build/iphone/Info.plist
[INFO]   Creating main.m
[TRACE]  No change, skipping /Users/jezrel_mx/Documents/Appcelerator_Workspace_DIM/Maid Admin/build/iphone/main.m
[INFO]   Creating Xcode config files
[TRACE]  No change, skipping /Users/jezrel_mx/Documents/Appcelerator_Workspace_DIM/Maid Admin/build/iphone/project.xcconfig
[TRACE]  No change, skipping /Users/jezrel_mx/Documents/Appcelerator_Workspace_DIM/Maid Admin/build/iphone/module.xcconfig
[INFO]   Copying Titanium libraries
[TRACE]  No change, skipping /Users/jezrel_mx/Documents/Appcelerator_Workspace_DIM/Maid Admin/build/iphone/lib/libTiCore.a
[TRACE]  No change, skipping /Users/jezrel_mx/Documents/Appcelerator_Workspace_DIM/Maid Admin/build/iphone/lib/libtiverify.a
[TRACE]  No change, skipping /Users/jezrel_mx/Documents/Appcelerator_Workspace_DIM/Maid Admin/build/iphone/lib/libti_ios_debugger.a
[TRACE]  No change, skipping /Users/jezrel_mx/Documents/Appcelerator_Workspace_DIM/Maid Admin/build/iphone/lib/libti_ios_profiler.a
[INFO]   Copying Titanium iOS files
[TRACE]  Skipping Classes/ApplicationRouting.m, it'll be processed later
[TRACE]  No change, skipping /Users/jezrel_mx/Documents/Appcelerator_Workspace_DIM/Maid Admin/build/iphone/Maid_Admin_Prefix.pch
[TRACE]  No change, skipping /Users/jezrel_mx/Documents/Appcelerator_Workspace_DIM/Maid Admin/build/iphone/Maid Admin.xcodeproj/xcshareddata/xcschemes/Maid_Admin.xcscheme
[INFO]   Installing default LaunchScreen.storyboard
[TRACE]  No change, skipping /Users/jezrel_mx/Documents/Appcelerator_Workspace_DIM/Maid Admin/build/iphone/LaunchScreen.storyboard
[INFO]   Creating debugger and profiler plists
[DEBUG]  Skipping /Users/jezrel_mx/Documents/Appcelerator_Workspace_DIM/Maid Admin/build/iphone/build/Products/Debug-iphonesimulator/Maid Admin.app/debugger.plist
[DEBUG]  Skipping /Users/jezrel_mx/Documents/Appcelerator_Workspace_DIM/Maid Admin/build/iphone/build/Products/Debug-iphonesimulator/Maid Admin.app/profiler.plist
[INFO]   Analyzing Resources directory
[INFO]   Analyzing platform files
[INFO]   Analyzing module files
[INFO]   Analyzing localized launch images
[INFO]   Analyzing CommonJS modules
[INFO]   Creating asset catalog
[TRACE]  No change, skipping /Users/jezrel_mx/Documents/Appcelerator_Workspace_DIM/Maid Admin/build/iphone/Assets.xcassets/Contents.json
[INFO]   Creating app icon set
[TRACE]  Found generated 58x58 app icon: /Users/jezrel_mx/Documents/Appcelerator_Workspace_DIM/Maid Admin/build/iphone/Assets.xcassets/AppIcon.appiconset/appicon-Small@2x.png
[TRACE]  Found generated 87x87 app icon: /Users/jezrel_mx/Documents/Appcelerator_Workspace_DIM/Maid Admin/build/iphone/Assets.xcassets/AppIcon.appiconset/appicon-Small@3x.png
[TRACE]  Found generated 80x80 app icon: /Users/jezrel_mx/Documents/Appcelerator_Workspace_DIM/Maid Admin/build/iphone/Assets.xcassets/AppIcon.appiconset/appicon-Small-40@2x.png
[TRACE]  Found generated 120x120 app icon: /Users/jezrel_mx/Documents/Appcelerator_Workspace_DIM/Maid Admin/build/iphone/Assets.xcassets/AppIcon.appiconset/appicon-Small-40@3x.png
[TRACE]  Found generated 120x120 app icon: /Users/jezrel_mx/Documents/Appcelerator_Workspace_DIM/Maid Admin/build/iphone/Assets.xcassets/AppIcon.appiconset/appicon-60@2x.png
[TRACE]  Found generated 180x180 app icon: /Users/jezrel_mx/Documents/Appcelerator_Workspace_DIM/Maid Admin/build/iphone/Assets.xcassets/AppIcon.appiconset/appicon-60@3x.png
[TRACE]  No change, skipping /Users/jezrel_mx/Documents/Appcelerator_Workspace_DIM/Maid Admin/build/iphone/Assets.xcassets/AppIcon.appiconset/Contents.json
[INFO]   Creating launch logo image set
[TRACE]  Found generated 320x320 launch logo: /Users/jezrel_mx/Documents/Appcelerator_Workspace_DIM/Maid Admin/build/iphone/Assets.xcassets/LaunchLogo.imageset/LaunchLogo~iphone.png
[TRACE]  Found generated 374x374 launch logo: /Users/jezrel_mx/Documents/Appcelerator_Workspace_DIM/Maid Admin/build/iphone/Assets.xcassets/LaunchLogo.imageset/LaunchLogo@2x~iphone.png
[TRACE]  Found generated 621x621 launch logo: /Users/jezrel_mx/Documents/Appcelerator_Workspace_DIM/Maid Admin/build/iphone/Assets.xcassets/LaunchLogo.imageset/LaunchLogo@3x~iphone.png
[TRACE]  Found generated 384x384 launch logo: /Users/jezrel_mx/Documents/Appcelerator_Workspace_DIM/Maid Admin/build/iphone/Assets.xcassets/LaunchLogo.imageset/LaunchLogo~ipad.png
[TRACE]  Found generated 1024x1024 launch logo: /Users/jezrel_mx/Documents/Appcelerator_Workspace_DIM/Maid Admin/build/iphone/Assets.xcassets/LaunchLogo.imageset/LaunchLogo@2x~ipad.png
[TRACE]  No change, skipping /Users/jezrel_mx/Documents/Appcelerator_Workspace_DIM/Maid Admin/build/iphone/Assets.xcassets/LaunchLogo.imageset/Contents.json
[INFO]   Creating launch image set
[DEBUG]  Skipping iPad launch image: Resources/iphone/Default-Landscape.png
[DEBUG]  Skipping iPad launch image: Resources/iphone/Default-Landscape@2x.png
[DEBUG]  Skipping iPad launch image: Resources/iphone/Default-Portrait.png
[DEBUG]  Skipping iPad launch image: Resources/iphone/Default-Portrait@2x.png
[DEBUG]  Unsupported launch image Resources/iphone/Default.png, skipping
[TRACE]  No change, skipping /Users/jezrel_mx/Documents/Appcelerator_Workspace_DIM/Maid Admin/build/iphone/Assets.xcassets/LaunchImage.launchimage/Contents.json
[INFO]   App thinning disabled, skipping asset image sets
[DEBUG]  Copying resources
[TRACE]  No change, skipping /Users/jezrel_mx/Documents/Appcelerator_Workspace_DIM/Maid Admin/build/iphone/build/Products/Debug-iphonesimulator/Maid Admin.app/KS_nav_ui.png
[DEBUG]  Overwriting /Users/jezrel_mx/Documents/Appcelerator_Workspace_DIM/Maid Admin/Resources/KS_nav_ui.png => /Users/jezrel_mx/Documents/Appcelerator_Workspace_DIM/Maid Admin/build/iphone/build/Products/Debug-iphonesimulator/Maid Admin.app/KS_nav_ui.png
[TRACE]  No change, skipping /Users/jezrel_mx/Documents/Appcelerator_Workspace_DIM/Maid Admin/build/iphone/build/Products/Debug-iphonesimulator/Maid Admin.app/KS_nav_views.png
[DEBUG]  Overwriting /Users/jezrel_mx/Documents/Appcelerator_Workspace_DIM/Maid Admin/Resources/KS_nav_views.png => /Users/jezrel_mx/Documents/Appcelerator_Workspace_DIM/Maid Admin/build/iphone/build/Products/Debug-iphonesimulator/Maid Admin.app/KS_nav_views.png
[TRACE]  No change, skipping /Users/jezrel_mx/Documents/Appcelerator_Workspace_DIM/Maid Admin/build/iphone/build/Products/Debug-iphonesimulator/Maid Admin.app/fondo.png
[DEBUG]  Overwriting /Users/jezrel_mx/Documents/Appcelerator_Workspace_DIM/Maid Admin/Resources/iphone/fondo.png => /Users/jezrel_mx/Documents/Appcelerator_Workspace_DIM/Maid Admin/build/iphone/build/Products/Debug-iphonesimulator/Maid Admin.app/fondo.png
[TRACE]  No change, skipping /Users/jezrel_mx/Documents/Appcelerator_Workspace_DIM/Maid Admin/build/iphone/build/Products/Debug-iphonesimulator/Maid Admin.app/fondo@2x.png
[DEBUG]  Overwriting /Users/jezrel_mx/Documents/Appcelerator_Workspace_DIM/Maid Admin/Resources/iphone/fondo@2x.png => /Users/jezrel_mx/Documents/Appcelerator_Workspace_DIM/Maid Admin/build/iphone/build/Products/Debug-iphonesimulator/Maid Admin.app/fondo@2x.png
[TRACE]  No change, skipping /Users/jezrel_mx/Documents/Appcelerator_Workspace_DIM/Maid Admin/build/iphone/build/Products/Debug-iphonesimulator/Maid Admin.app/fondo@3x.png
[DEBUG]  Overwriting /Users/jezrel_mx/Documents/Appcelerator_Workspace_DIM/Maid Admin/Resources/iphone/fondo@3x.png => /Users/jezrel_mx/Documents/Appcelerator_Workspace_DIM/Maid Admin/build/iphone/build/Products/Debug-iphonesimulator/Maid Admin.app/fondo@3x.png
[TRACE]  No change, skipping /Users/jezrel_mx/Documents/Appcelerator_Workspace_DIM/Maid Admin/build/iphone/build/Products/Debug-iphonesimulator/Maid Admin.app/logo.png
[DEBUG]  Overwriting /Users/jezrel_mx/Documents/Appcelerator_Workspace_DIM/Maid Admin/Resources/iphone/logo.png => /Users/jezrel_mx/Documents/Appcelerator_Workspace_DIM/Maid Admin/build/iphone/build/Products/Debug-iphonesimulator/Maid Admin.app/logo.png
[TRACE]  No change, skipping /Users/jezrel_mx/Documents/Appcelerator_Workspace_DIM/Maid Admin/build/iphone/build/Products/Debug-iphonesimulator/Maid Admin.app/logo@2x.png
[DEBUG]  Overwriting /Users/jezrel_mx/Documents/Appcelerator_Workspace_DIM/Maid Admin/Resources/iphone/logo@2x.png => /Users/jezrel_mx/Documents/Appcelerator_Workspace_DIM/Maid Admin/build/iphone/build/Products/Debug-iphonesimulator/Maid Admin.app/logo@2x.png
[TRACE]  No change, skipping /Users/jezrel_mx/Documents/Appcelerator_Workspace_DIM/Maid Admin/build/iphone/build/Products/Debug-iphonesimulator/Maid Admin.app/logo@3x.png
[DEBUG]  Overwriting /Users/jezrel_mx/Documents/Appcelerator_Workspace_DIM/Maid Admin/Resources/iphone/logo@3x.png => /Users/jezrel_mx/Documents/Appcelerator_Workspace_DIM/Maid Admin/build/iphone/build/Products/Debug-iphonesimulator/Maid Admin.app/logo@3x.png
[TRACE]  No change, skipping /Users/jezrel_mx/Documents/Appcelerator_Workspace_DIM/Maid Admin/build/iphone/build/Products/Debug-iphonesimulator/Maid Admin.app/padlock.png
[DEBUG]  Overwriting /Users/jezrel_mx/Documents/Appcelerator_Workspace_DIM/Maid Admin/Resources/iphone/padlock.png => /Users/jezrel_mx/Documents/Appcelerator_Workspace_DIM/Maid Admin/build/iphone/build/Products/Debug-iphonesimulator/Maid Admin.app/padlock.png
[TRACE]  No change, skipping /Users/jezrel_mx/Documents/Appcelerator_Workspace_DIM/Maid Admin/build/iphone/build/Products/Debug-iphonesimulator/Maid Admin.app/padlock@2x.png
[DEBUG]  Overwriting /Users/jezrel_mx/Documents/Appcelerator_Workspace_DIM/Maid Admin/Resources/iphone/padlock@2x.png => /Users/jezrel_mx/Documents/Appcelerator_Workspace_DIM/Maid Admin/build/iphone/build/Products/Debug-iphonesimulator/Maid Admin.app/padlock@2x.png
[TRACE]  No change, skipping /Users/jezrel_mx/Documents/Appcelerator_Workspace_DIM/Maid Admin/build/iphone/build/Products/Debug-iphonesimulator/Maid Admin.app/padlock@3x.png
[DEBUG]  Overwriting /Users/jezrel_mx/Documents/Appcelerator_Workspace_DIM/Maid Admin/Resources/iphone/padlock@3x.png => /Users/jezrel_mx/Documents/Appcelerator_Workspace_DIM/Maid Admin/build/iphone/build/Products/Debug-iphonesimulator/Maid Admin.app/padlock@3x.png
[TRACE]  No change, skipping /Users/jezrel_mx/Documents/Appcelerator_Workspace_DIM/Maid Admin/build/iphone/build/Products/Debug-iphonesimulator/Maid Admin.app/user.png
[DEBUG]  Overwriting /Users/jezrel_mx/Documents/Appcelerator_Workspace_DIM/Maid Admin/Resources/iphone/user.png => /Users/jezrel_mx/Documents/Appcelerator_Workspace_DIM/Maid Admin/build/iphone/build/Products/Debug-iphonesimulator/Maid Admin.app/user.png
[TRACE]  No change, skipping /Users/jezrel_mx/Documents/Appcelerator_Workspace_DIM/Maid Admin/build/iphone/build/Products/Debug-iphonesimulator/Maid Admin.app/user@2x.png
[DEBUG]  Overwriting /Users/jezrel_mx/Documents/Appcelerator_Workspace_DIM/Maid Admin/Resources/iphone/user@2x.png => /Users/jezrel_mx/Documents/Appcelerator_Workspace_DIM/Maid Admin/build/iphone/build/Products/Debug-iphonesimulator/Maid Admin.app/user@2x.png
[TRACE]  No change, skipping /Users/jezrel_mx/Documents/Appcelerator_Workspace_DIM/Maid Admin/build/iphone/build/Products/Debug-iphonesimulator/Maid Admin.app/user@3x.png
[DEBUG]  Overwriting /Users/jezrel_mx/Documents/Appcelerator_Workspace_DIM/Maid Admin/Resources/iphone/user@3x.png => /Users/jezrel_mx/Documents/Appcelerator_Workspace_DIM/Maid Admin/build/iphone/build/Products/Debug-iphonesimulator/Maid Admin.app/user@3x.png
[TRACE]  No change, skipping /Users/jezrel_mx/Documents/Appcelerator_Workspace_DIM/Maid Admin/build/iphone/Assets.xcassets/LaunchImage.launchimage/Default-568h@2x.png
[DEBUG]  Overwriting /Users/jezrel_mx/Documents/Appcelerator_Workspace_DIM/Maid Admin/Resources/iphone/Default-568h@2x.png => /Users/jezrel_mx/Documents/Appcelerator_Workspace_DIM/Maid Admin/build/iphone/Assets.xcassets/LaunchImage.launchimage/Default-568h@2x.png
[TRACE]  No change, skipping /Users/jezrel_mx/Documents/Appcelerator_Workspace_DIM/Maid Admin/build/iphone/Assets.xcassets/LaunchImage.launchimage/Default-667h@2x.png
[DEBUG]  Overwriting /Users/jezrel_mx/Documents/Appcelerator_Workspace_DIM/Maid Admin/Resources/iphone/Default-667h@2x.png => /Users/jezrel_mx/Documents/Appcelerator_Workspace_DIM/Maid Admin/build/iphone/Assets.xcassets/LaunchImage.launchimage/Default-667h@2x.png
[TRACE]  No change, skipping /Users/jezrel_mx/Documents/Appcelerator_Workspace_DIM/Maid Admin/build/iphone/Assets.xcassets/LaunchImage.launchimage/Default-Landscape-736h@3x.png
[DEBUG]  Overwriting /Users/jezrel_mx/Documents/Appcelerator_Workspace_DIM/Maid Admin/Resources/iphone/Default-Landscape-736h@3x.png => /Users/jezrel_mx/Documents/Appcelerator_Workspace_DIM/Maid Admin/build/iphone/Assets.xcassets/LaunchImage.launchimage/Default-Landscape-736h@3x.png
[TRACE]  No change, skipping /Users/jezrel_mx/Documents/Appcelerator_Workspace_DIM/Maid Admin/build/iphone/Assets.xcassets/LaunchImage.launchimage/Default-Portrait-736h@3x.png
[DEBUG]  Overwriting /Users/jezrel_mx/Documents/Appcelerator_Workspace_DIM/Maid Admin/Resources/iphone/Default-Portrait-736h@3x.png => /Users/jezrel_mx/Documents/Appcelerator_Workspace_DIM/Maid Admin/build/iphone/Assets.xcassets/LaunchImage.launchimage/Default-Portrait-736h@3x.png
[TRACE]  No change, skipping /Users/jezrel_mx/Documents/Appcelerator_Workspace_DIM/Maid Admin/build/iphone/Assets.xcassets/LaunchImage.launchimage/Default@2x.png
[DEBUG]  Overwriting /Users/jezrel_mx/Documents/Appcelerator_Workspace_DIM/Maid Admin/Resources/iphone/Default@2x.png => /Users/jezrel_mx/Documents/Appcelerator_Workspace_DIM/Maid Admin/build/iphone/Assets.xcassets/LaunchImage.launchimage/Default@2x.png
[DEBUG]  Copying CSS files
[INFO]   Processing JavaScript files
[DEBUG]  Overwriting /Users/jezrel_mx/Documents/Appcelerator_Workspace_DIM/Maid Admin/Resources/app.js => /Users/jezrel_mx/Documents/Appcelerator_Workspace_DIM/Maid Admin/build/iphone/build/Products/Debug-iphonesimulator/Maid Admin.app/app.js
[DEBUG]  Overwriting /Users/jezrel_mx/Documents/Appcelerator_Workspace_DIM/Maid Admin/Resources/home.js => /Users/jezrel_mx/Documents/Appcelerator_Workspace_DIM/Maid Admin/build/iphone/build/Products/Debug-iphonesimulator/Maid Admin.app/home.js
[DEBUG]  Overwriting /Users/jezrel_mx/Documents/Appcelerator_Workspace_DIM/Maid Admin/Resources/ui/common/FirstView.js => /Users/jezrel_mx/Documents/Appcelerator_Workspace_DIM/Maid Admin/build/iphone/build/Products/Debug-iphonesimulator/Maid Admin.app/ui/common/FirstView.js
[DEBUG]  Overwriting /Users/jezrel_mx/Documents/Appcelerator_Workspace_DIM/Maid Admin/Resources/ui/handheld/ApplicationWindow.js => /Users/jezrel_mx/Documents/Appcelerator_Workspace_DIM/Maid Admin/build/iphone/build/Products/Debug-iphonesimulator/Maid Admin.app/ui/handheld/ApplicationWindow.js
[DEBUG]  Overwriting /Users/jezrel_mx/Documents/Appcelerator_Workspace_DIM/Maid Admin/Resources/ui/handheld/android/ApplicationWindow.js => /Users/jezrel_mx/Documents/Appcelerator_Workspace_DIM/Maid Admin/build/iphone/build/Products/Debug-iphonesimulator/Maid Admin.app/ui/handheld/android/ApplicationWindow.js
[DEBUG]  Overwriting /Users/jezrel_mx/Documents/Appcelerator_Workspace_DIM/Maid Admin/Resources/ui/tablet/ApplicationWindow.js => /Users/jezrel_mx/Documents/Appcelerator_Workspace_DIM/Maid Admin/build/iphone/build/Products/Debug-iphonesimulator/Maid Admin.app/ui/tablet/ApplicationWindow.js
[INFO]   Writing app properties
[TRACE]  No change, skipping /Users/jezrel_mx/Documents/Appcelerator_Workspace_DIM/Maid Admin/build/iphone/build/Products/Debug-iphonesimulator/Maid Admin.app/_app_props_.json
[DEBUG]  Using default application routing
[TRACE]  No change, skipping /Users/jezrel_mx/Documents/Appcelerator_Workspace_DIM/Maid Admin/build/iphone/Classes/ApplicationRouting.m
[INFO]   Writing i18n files
[DEBUG]  Compiling localization files
[DEBUG]  Processing i18n file: en/strings.xml
[DEBUG]  Processing i18n file: ja/strings.xml
[TRACE]  No change, skipping /Users/jezrel_mx/Documents/Appcelerator_Workspace_DIM/Maid Admin/build/iphone/build/Products/Debug-iphonesimulator/Maid Admin.app/en.lproj/Localizable.strings
[TRACE]  No change, skipping /Users/jezrel_mx/Documents/Appcelerator_Workspace_DIM/Maid Admin/build/iphone/build/Products/Debug-iphonesimulator/Maid Admin.app/ja.lproj/Localizable.strings
[INFO]   Processing Titanium symbols
[DEBUG]  Processing Titanium namespace resources
[TRACE]  No change, skipping /Users/jezrel_mx/Documents/Appcelerator_Workspace_DIM/Maid Admin/build/iphone/build/Products/Debug-iphonesimulator/Maid Admin.app/modules/ui/images/badge.png
[TRACE]  No change, skipping /Users/jezrel_mx/Documents/Appcelerator_Workspace_DIM/Maid Admin/build/iphone/build/Products/Debug-iphonesimulator/Maid Admin.app/modules/ui/images/closeButton.png
[TRACE]  No change, skipping /Users/jezrel_mx/Documents/Appcelerator_Workspace_DIM/Maid Admin/build/iphone/build/Products/Debug-iphonesimulator/Maid Admin.app/modules/ui/images/photoDefault.png
[TRACE]  No change, skipping /Users/jezrel_mx/Documents/Appcelerator_Workspace_DIM/Maid Admin/build/iphone/Classes/defines.h
[INFO]   Removing files
[DEBUG]  Removing empty directories
[INFO]   Skipping xcodebuild
[INFO]   Finished building the application in 1s 659ms
[INFO]   Launching iOS Simulator
[TRACE]  [ioslib] Selected iOS Simulator: iPhone 5s
[TRACE]  [ioslib]   UDID    = 09BAA66D-FCBA-415A-A710-38D7A5C5CCC5
[TRACE]  [ioslib]   iOS     = 9.3
[TRACE]  [ioslib] Autoselected Xcode: 7.3.1
[TRACE]  [ioslib] Removing old log file: /Users/jezrel_mx/Library/Developer/CoreSimulator/Devices/09BAA66D-FCBA-415A-A710-38D7A5C5CCC5/data/Containers/Data/Application/A8F5B4B7-B55F-4AE0-BC6A-AEF35261AB85/Documents/921fe673-b8ca-4bc7-9fff-2691def3e946.log
[TRACE]  [ioslib] iPhone 5s Simulator already running with the correct udid
[TRACE]  [ioslib] Tailing iPhone 5s Simulator system log: /Users/jezrel_mx/Library/Logs/CoreSimulator/09BAA66D-FCBA-415A-A710-38D7A5C5CCC5/system.log
[TRACE]  [ioslib] Running: osascript "/Users/jezrel_mx/Library/Application Support/Titanium/mobilesdk/osx/5.3.1.GA/node_modules/ioslib/lib/sim_focus.scpt" "Simulator"
[TRACE]  [ioslib] iPhone 5s Simulator successfully focused
[TRACE]  [ioslib] Running: /Applications/Xcode.app/Contents/Developer/usr/bin/simctl install 09BAA66D-FCBA-415A-A710-38D7A5C5CCC5 /Users/jezrel_mx/Documents/Appcelerator_Workspace_DIM/Maid Admin/build/iphone/build/Products/Debug-iphonesimulator/Maid Admin.app
[TRACE]  [ioslib] App installed
[TRACE]  [ioslib] Running: /Applications/Xcode.app/Contents/Developer/usr/bin/simctl launch 09BAA66D-FCBA-415A-A710-38D7A5C5CCC5 com.maid.admin
[TRACE]  [ioslib] App launched
[TRACE]  [ioslib] Found application log file: /Users/jezrel_mx/Library/Developer/CoreSimulator/Devices/09BAA66D-FCBA-415A-A710-38D7A5C5CCC5/data/Containers/Data/Application/553DD5C9-389C-4115-B9B5-C098F5C53FA8/Documents/921fe673-b8ca-4bc7-9fff-2691def3e946.log